  Validating sources
  Copying sources remotely to '192.168.137.115'
  Validating architecture
  Validating architecture
  Starting remote build
  Compiling sources:
  Camera.cpp
  DebugDrawer.cpp
  EventManager.cpp
  GameApp.cpp
  HelloCubes.cpp
  Input.cpp
  Mesh.cpp
  Model.cpp
  ModelLoader.cpp
  Renderer.cpp
  ResourceManager.cpp
  Transform.cpp
  WindowManager.cpp
  World.cpp
  Linking objects
  HelloCubes.vcxproj -> C:\Game development\school\Perforce\Year1\BlockB\HelloCubes\bin\ARM64\Debug\HelloCubes.out
